Log file opened on Wed Jan 16 16:46:51 2019
Host: ubuntu  pid: 3592  rank ID: 0  number of ranks:  1
                      :-) GROMACS - gmx mdrun, 2018.1 (-:

                            GROMACS is written by:
     Emile Apol      Rossen Apostolov      Paul Bauer     Herman J.C. Berendsen
    Par Bjelkmar    Aldert van Buuren   Rudi van Drunen     Anton Feenstra  
  Gerrit Groenhof    Aleksei Iupinov   Christoph Junghans   Anca Hamuraru   
 Vincent Hindriksen Dimitrios Karkoulis    Peter Kasson        Jiri Kraus    
  Carsten Kutzner      Per Larsson      Justin A. Lemkul    Viveca Lindahl  
  Magnus Lundborg   Pieter Meulenhoff    Erik Marklund      Teemu Murtola   
    Szilard Pall       Sander Pronk      Roland Schulz     Alexey Shvetsov  
   Michael Shirts     Alfons Sijbers     Peter Tieleman    Teemu Virolainen 
 Christian Wennberg    Maarten Wolf   
                           and the project leaders:
        Mark Abraham, Berk Hess, Erik Lindahl, and David van der Spoel

Copyright (c) 1991-2000, University of Groningen, The Netherlands.
Copyright (c) 2001-2017, The GROMACS development team at
Uppsala University, Stockholm University and
the Royal Institute of Technology, Sweden.
check out http://www.gromacs.org for more information.

GROMACS is free software; you can redistribute it and/or modify it
under the terms of the GNU Lesser General Public License
as published by the Free Software Foundation; either version 2.1
of the License, or (at your option) any later version.

GROMACS:      gmx mdrun, version 2018.1
Executable:   /usr/local/gromacs/bin/gmx
Data prefix:  /usr/local/gromacs
Working dir:  /home/lanselibai/Cheng/martini/20190115_hiv_elastic
Command line:
  gmx mdrun -deffnm equilibration-posres-20fs -v

GROMACS version:    2018.1
Precision:          single
Memory model:       64 bit
MPI library:        thread_mpi
OpenMP support:     enabled (GMX_OPENMP_MAX_THREADS = 64)
GPU support:        disabled
SIMD instructions:  AVX_256
FFT library:        fftw-3.3.5-fma-sse2-avx-avx2-avx2_128-avx512
RDTSCP usage:       enabled
TNG support:        enabled
Hwloc support:      disabled
Tracing support:    disabled
Built on:           2018-04-20 17:09:02
Built by:           lanselibai@ubuntu [CMAKE]
Build OS/arch:      Linux 4.13.0-36-generic x86_64
Build CPU vendor:   Intel
Build CPU brand:    Intel(R) Core(TM) i7-4510U CPU @ 2.00GHz
Build CPU family:   6   Model: 69   Stepping: 1
Build CPU features: aes apic avx clfsh cmov cx8 cx16 f16c fma intel lahf mmx msr nonstop_tsc pcid pclmuldq pdpe1gb popcnt pse rdrnd rdtscp sse2 sse3 sse4.1 sse4.2 ssse3 x2apic
C compiler:         /usr/bin/cc GNU 5.4.0
C compiler flags:    -mavx     -O3 -DNDEBUG -funroll-all-loops -fexcess-precision=fast  
C++ compiler:       /usr/bin/c++ GNU 5.4.0
C++ compiler flags:  -mavx    -std=c++11   -O3 -DNDEBUG -funroll-all-loops -fexcess-precision=fast  


Running on 1 node with total 1 cores, 1 logical cores
Hardware detected:
  CPU info:
    Vendor: Intel
    Brand:  Intel(R) Core(TM) i7-4510U CPU @ 2.00GHz
    Family: 6   Model: 69   Stepping: 1
    Features: aes apic avx clfsh cmov cx8 cx16 f16c fma intel lahf mmx msr nonstop_tsc pcid pclmuldq pdpe1gb popcnt pse rdrnd rdtscp sse2 sse3 sse4.1 sse4.2 ssse3 x2apic
  Hardware topology: Basic
    Sockets, cores, and logical processors:
      Socket  0: [   0]


++++ PLEASE READ AND CITE THE FOLLOWING REFERENCE ++++
M. J. Abraham, T. Murtola, R. Schulz, S. Páll, J. C. Smith, B. Hess, E.
Lindahl
GROMACS: High performance molecular simulations through multi-level
parallelism from laptops to supercomputers
SoftwareX 1 (2015) pp. 19-25
-------- -------- --- Thank You --- -------- --------


++++ PLEASE READ AND CITE THE FOLLOWING REFERENCE ++++
S. Páll, M. J. Abraham, C. Kutzner, B. Hess, E. Lindahl
Tackling Exascale Software Challenges in Molecular Dynamics Simulations with
GROMACS
In S. Markidis & E. Laure (Eds.), Solving Software Challenges for Exascale 8759 (2015) pp. 3-27
-------- -------- --- Thank You --- -------- --------


++++ PLEASE READ AND CITE THE FOLLOWING REFERENCE ++++
S. Pronk, S. Páll, R. Schulz, P. Larsson, P. Bjelkmar, R. Apostolov, M. R.
Shirts, J. C. Smith, P. M. Kasson, D. van der Spoel, B. Hess, and E. Lindahl
GROMACS 4.5: a high-throughput and highly parallel open source molecular
simulation toolkit
Bioinformatics 29 (2013) pp. 845-54
-------- -------- --- Thank You --- -------- --------


++++ PLEASE READ AND CITE THE FOLLOWING REFERENCE ++++
B. Hess and C. Kutzner and D. van der Spoel and E. Lindahl
GROMACS 4: Algorithms for highly efficient, load-balanced, and scalable
molecular simulation
J. Chem. Theory Comput. 4 (2008) pp. 435-447
-------- -------- --- Thank You --- -------- --------


++++ PLEASE READ AND CITE THE FOLLOWING REFERENCE ++++
D. van der Spoel, E. Lindahl, B. Hess, G. Groenhof, A. E. Mark and H. J. C.
Berendsen
GROMACS: Fast, Flexible and Free
J. Comp. Chem. 26 (2005) pp. 1701-1719
-------- -------- --- Thank You --- -------- --------


++++ PLEASE READ AND CITE THE FOLLOWING REFERENCE ++++
E. Lindahl and B. Hess and D. van der Spoel
GROMACS 3.0: A package for molecular simulation and trajectory analysis
J. Mol. Mod. 7 (2001) pp. 306-317
-------- -------- --- Thank You --- -------- --------


++++ PLEASE READ AND CITE THE FOLLOWING REFERENCE ++++
H. J. C. Berendsen, D. van der Spoel and R. van Drunen
GROMACS: A message-passing parallel molecular dynamics implementation
Comp. Phys. Comm. 91 (1995) pp. 43-56
-------- -------- --- Thank You --- -------- --------

Input Parameters:
   integrator                     = md
   tinit                          = 0
   dt                             = 0.02
   nsteps                         = 25000
   init-step                      = 0
   simulation-part                = 1
   comm-mode                      = Linear
   nstcomm                        = 100
   bd-fric                        = 0
   ld-seed                        = 1584246511
   emtol                          = 10
   emstep                         = 0.01
   niter                          = 20
   fcstep                         = 0
   nstcgsteep                     = 1000
   nbfgscorr                      = 10
   rtpi                           = 0.05
   nstxout                        = 0
   nstvout                        = 0
   nstfout                        = 0
   nstlog                         = 1000
   nstcalcenergy                  = 100
   nstenergy                      = 1000
   nstxout-compressed             = 1000
   compressed-x-precision         = 100
   cutoff-scheme                  = Verlet
   nstlist                        = 20
   ns-type                        = Grid
   pbc                            = xyz
   periodic-molecules             = false
   verlet-buffer-tolerance        = 0.005
   rlist                          = 1.217
   coulombtype                    = Reaction-Field
   coulomb-modifier               = Potential-shift
   rcoulomb-switch                = 0
   rcoulomb                       = 1.1
   epsilon-r                      = 15
   epsilon-rf                     = inf
   vdw-type                       = Cut-off
   vdw-modifier                   = Potential-shift
   rvdw-switch                    = 0
   rvdw                           = 1.1
   DispCorr                       = No
   table-extension                = 1
   fourierspacing                 = 0.12
   fourier-nx                     = 0
   fourier-ny                     = 0
   fourier-nz                     = 0
   pme-order                      = 4
   ewald-rtol                     = 1e-05
   ewald-rtol-lj                  = 0.001
   lj-pme-comb-rule               = Geometric
   ewald-geometry                 = 0
   epsilon-surface                = 0
   implicit-solvent               = No
   gb-algorithm                   = Still
   nstgbradii                     = 1
   rgbradii                       = 1
   gb-epsilon-solvent             = 80
   gb-saltconc                    = 0
   gb-obc-alpha                   = 1
   gb-obc-beta                    = 0.8
   gb-obc-gamma                   = 4.85
   gb-dielectric-offset           = 0.009
   sa-algorithm                   = Ace-approximation
   sa-surface-tension             = 2.05016
   tcoupl                         = V-rescale
   nsttcouple                     = 20
   nh-chain-length                = 0
   print-nose-hoover-chain-variables = false
   pcoupl                         = Berendsen
   pcoupltype                     = Isotropic
   nstpcouple                     = 20
   tau-p                          = 4
   compressibility (3x3):
      compressibility[    0]={ 4.50000e-05,  0.00000e+00,  0.00000e+00}
      compressibility[    1]={ 0.00000e+00,  4.50000e-05,  0.00000e+00}
      compressibility[    2]={ 0.00000e+00,  0.00000e+00,  4.50000e-05}
   ref-p (3x3):
      ref-p[    0]={ 1.00000e+00,  0.00000e+00,  0.00000e+00}
      ref-p[    1]={ 0.00000e+00,  1.00000e+00,  0.00000e+00}
      ref-p[    2]={ 0.00000e+00,  0.00000e+00,  1.00000e+00}
   refcoord-scaling               = COM
   posres-com (3):
      posres-com[0]= 5.00350e-01
      posres-com[1]= 5.00859e-01
      posres-com[2]= 4.99954e-01
   posres-comB (3):
      posres-comB[0]= 5.00350e-01
      posres-comB[1]= 5.00859e-01
      posres-comB[2]= 4.99954e-01
   QMMM                           = false
   QMconstraints                  = 0
   QMMMscheme                     = 0
   MMChargeScaleFactor            = 1
qm-opts:
   ngQM                           = 0
   constraint-algorithm           = Lincs
   continuation                   = true
   Shake-SOR                      = false
   shake-tol                      = 0.0001
   lincs-order                    = 4
   lincs-iter                     = 1
   lincs-warnangle                = 30
   nwall                          = 0
   wall-type                      = 9-3
   wall-r-linpot                  = -1
   wall-atomtype[0]               = -1
   wall-atomtype[1]               = -1
   wall-density[0]                = 0
   wall-density[1]                = 0
   wall-ewald-zfac                = 3
   pull                           = false
   awh                            = false
   rotation                       = false
   interactiveMD                  = false
   disre                          = No
   disre-weighting                = Conservative
   disre-mixed                    = false
   dr-fc                          = 1000
   dr-tau                         = 0
   nstdisreout                    = 100
   orire-fc                       = 0
   orire-tau                      = 0
   nstorireout                    = 100
   free-energy                    = no
   cos-acceleration               = 0
   deform (3x3):
      deform[    0]={ 0.00000e+00,  0.00000e+00,  0.00000e+00}
      deform[    1]={ 0.00000e+00,  0.00000e+00,  0.00000e+00}
      deform[    2]={ 0.00000e+00,  0.00000e+00,  0.00000e+00}
   simulated-tempering            = false
   swapcoords                     = no
   userint1                       = 0
   userint2                       = 0
   userint3                       = 0
   userint4                       = 0
   userreal1                      = 0
   userreal2                      = 0
   userreal3                      = 0
   userreal4                      = 0
   applied-forces:
     electric-field:
       x:
         E0                       = 0
         omega                    = 0
         t0                       = 0
         sigma                    = 0
       y:
         E0                       = 0
         omega                    = 0
         t0                       = 0
         sigma                    = 0
       z:
         E0                       = 0
         omega                    = 0
         t0                       = 0
         sigma                    = 0
grpopts:
   nrdf:     1127.67     9066.33
   ref-t:         300         300
   tau-t:           1           1
annealing:          No          No
annealing-npoints:           0           0
   acc:	           0           0           0
   nfreeze:           N           N           N
   energygrp-flags[  0]: 0

Changing nstlist from 20 to 25, rlist from 1.217 to 1.265

Using 1 MPI thread
Using 1 OpenMP thread 

Pinning threads with an auto-selected logical core stride of 1
System total charge: 4.000
Reaction-Field:
epsRF = 0, rc = 1.1, krf = 0.375657, crf = 1.36364, epsfac = 9.26236
The electrostatics potential has its minimum at r = 1.1
Potential shift: LJ r^-12: -3.186e-01 r^-6: -5.645e-01

Using SIMD 4x8 nonbonded short-range kernels

Using a dual 4x8 pair-list setup updated with dynamic pruning:
  outer list: updated every 25 steps, buffer 0.165 nm, rlist 1.265 nm
  inner list: updated every  5 steps, buffer 0.004 nm, rlist 1.104 nm
At tolerance 0.005 kJ/mol/ps per atom, equivalent classical 1x1 list would be:
  outer list: updated every 25 steps, buffer 0.268 nm, rlist 1.368 nm
  inner list: updated every  5 steps, buffer 0.025 nm, rlist 1.125 nm

Using full Lennard-Jones parameter combination matrix


Initializing LINear Constraint Solver

++++ PLEASE READ AND CITE THE FOLLOWING REFERENCE ++++
B. Hess
P-LINCS: A Parallel Linear Constraint Solver for molecular simulation
J. Chem. Theory Comput. 4 (2008) pp. 116-122
-------- -------- --- Thank You --- -------- --------

The number of constraints is 108
44 constraints are involved in constraint triangles,
will apply an additional matrix expansion of order 4 for couplings
between constraints inside triangles

Intra-simulation communication will occur every 5 steps.
Center of mass motion removal mode is Linear
We have the following groups for center of mass motion removal:
  0:  rest

++++ PLEASE READ AND CITE THE FOLLOWING REFERENCE ++++
G. Bussi, D. Donadio and M. Parrinello
Canonical sampling through velocity rescaling
J. Chem. Phys. 126 (2007) pp. 014101
-------- -------- --- Thank You --- -------- --------

There are: 3435 Atoms

Started mdrun on rank 0 Wed Jan 16 16:46:51 2019
           Step           Time
              0        0.00000

   Energies (kJ/mol)
           Bond  Harmonic Pot.       G96Angle    Proper Dih.  Improper Dih.
    4.82647e+02    7.10829e+02    2.82610e+02    1.43878e+00    1.34746e+01
        LJ (SR)   Coulomb (SR) Position Rest.      Potential    Kinetic En.
   -9.30712e+04   -3.33592e+02    0.00000e+00   -9.19138e+04    1.29571e+04
   Total Energy  Conserved En.    Temperature Pressure (bar)   Constr. rmsd
   -7.89566e+04   -7.89584e+04    3.05746e+02    5.59984e+01    5.64042e-06

           Step           Time
           1000       20.00000

   Energies (kJ/mol)
           Bond  Harmonic Pot.       G96Angle    Proper Dih.  Improper Dih.
    4.87989e+02    6.51175e+02    3.12289e+02    1.35705e+00    1.60985e+01
        LJ (SR)   Coulomb (SR) Position Rest.      Potential    Kinetic En.
   -9.35417e+04   -3.48040e+02    2.62292e+02   -9.21586e+04    1.23970e+04
   Total Energy  Conserved En.    Temperature Pressure (bar)   Constr. rmsd
   -7.97615e+04   -7.91710e+04    2.92528e+02   -4.92427e+01    4.29709e-06

           Step           Time
           2000       40.00000

   Energies (kJ/mol)
           Bond  Harmonic Pot.       G96Angle    Proper Dih.  Improper Dih.
    5.30378e+02    7.37451e+02    2.57626e+02    2.09489e+00    1.51055e+01
        LJ (SR)   Coulomb (SR) Position Rest.      Potential    Kinetic En.
   -9.32270e+04   -3.52349e+02    2.40534e+02   -9.17961e+04    1.26203e+04
   Total Energy  Conserved En.    Temperature Pressure (bar)   Constr. rmsd
   -7.91758e+04   -7.94002e+04    2.97798e+02   -2.08899e+01    5.04454e-06

           Step           Time
           3000       60.00000

   Energies (kJ/mol)
           Bond  Harmonic Pot.       G96Angle    Proper Dih.  Improper Dih.
    4.91539e+02    7.13221e+02    2.80611e+02    2.12445e+00    2.27880e+01
        LJ (SR)   Coulomb (SR) Position Rest.      Potential    Kinetic En.
   -9.33394e+04   -3.45269e+02    2.83183e+02   -9.18912e+04    1.27194e+04
   Total Energy  Conserved En.    Temperature Pressure (bar)   Constr. rmsd
   -7.91718e+04   -7.96300e+04    3.00137e+02    8.41303e+00    2.69593e-06

           Step           Time
           4000       80.00000

   Energies (kJ/mol)
           Bond  Harmonic Pot.       G96Angle    Proper Dih.  Improper Dih.
    5.54195e+02    6.61758e+02    2.79599e+02    8.12292e-02    8.15634e+00
        LJ (SR)   Coulomb (SR) Position Rest.      Potential    Kinetic En.
   -9.33385e+04   -3.51872e+02    2.65199e+02   -9.19214e+04    1.28367e+04
   Total Energy  Conserved En.    Temperature Pressure (bar)   Constr. rmsd
   -7.90846e+04   -7.98532e+04    3.02904e+02   -9.61331e+01    5.55046e-06

           Step           Time
           5000      100.00000

   Energies (kJ/mol)
           Bond  Harmonic Pot.       G96Angle    Proper Dih.  Improper Dih.
    4.76636e+02    6.94176e+02    2.72199e+02    3.05383e+00    2.08007e+01
        LJ (SR)   Coulomb (SR) Position Rest.      Potential    Kinetic En.
   -9.30260e+04   -3.47585e+02    2.40727e+02   -9.16660e+04    1.27549e+04
   Total Energy  Conserved En.    Temperature Pressure (bar)   Constr. rmsd
   -7.89111e+04   -8.00828e+04    3.00974e+02    2.26053e+01    3.88762e-06

           Step           Time
           6000      120.00000

   Energies (kJ/mol)
           Bond  Harmonic Pot.       G96Angle    Proper Dih.  Improper Dih.
    3.92358e+02    7.27780e+02    2.52031e+02    7.10680e+00    9.07217e+00
        LJ (SR)   Coulomb (SR) Position Rest.      Potential    Kinetic En.
   -9.30662e+04   -3.44466e+02    2.62972e+02   -9.17593e+04    1.29281e+04
   Total Energy  Conserved En.    Temperature Pressure (bar)   Constr. rmsd
   -7.88313e+04   -8.03286e+04    3.05059e+02   -2.99162e+01    6.94401e-06

           Step           Time
           7000      140.00000

   Energies (kJ/mol)
           Bond  Harmonic Pot.       G96Angle    Proper Dih.  Improper Dih.
    4.99205e+02    7.07551e+02    2.84520e+02    7.07142e+00    1.45222e+01
        LJ (SR)   Coulomb (SR) Position Rest.      Potential    Kinetic En.
   -9.29008e+04   -3.40113e+02    2.70181e+02   -9.14579e+04    1.28484e+04
   Total Energy  Conserved En.    Temperature Pressure (bar)   Constr. rmsd
   -7.86094e+04   -8.05507e+04    3.03180e+02   -7.77420e+01    6.59139e-06

           Step           Time
           8000      160.00000

   Energies (kJ/mol)
           Bond  Harmonic Pot.       G96Angle    Proper Dih.  Improper Dih.
    4.44989e+02    6.99015e+02    2.88825e+02    2.69239e+00    1.19873e+01
        LJ (SR)   Coulomb (SR) Position Rest.      Potential    Kinetic En.
   -9.29148e+04   -3.52740e+02    2.54409e+02   -9.15656e+04    1.26191e+04
   Total Energy  Conserved En.    Temperature Pressure (bar)   Constr. rmsd
   -7.89465e+04   -8.07858e+04    2.97770e+02    4.38454e+01    6.97700e-06

           Step           Time
           9000      180.00000

   Energies (kJ/mol)
           Bond  Harmonic Pot.       G96Angle    Proper Dih.  Improper Dih.
    5.02474e+02    7.30872e+02    2.73878e+02    1.52617e+00    1.64878e+01
        LJ (SR)   Coulomb (SR) Position Rest.      Potential    Kinetic En.
   -9.32957e+04   -3.45153e+02    2.89697e+02   -9.18259e+04    1.26863e+04
   Total Energy  Conserved En.    Temperature Pressure (bar)   Constr. rmsd
   -7.91396e+04   -8.10031e+04    2.99355e+02    9.62414e+01    3.61957e-06

           Step           Time
          10000      200.00000

   Energies (kJ/mol)
           Bond  Harmonic Pot.       G96Angle    Proper Dih.  Improper Dih.
    4.96380e+02    7.27618e+02    2.70821e+02    6.56714e+00    1.63410e+01
        LJ (SR)   Coulomb (SR) Position Rest.      Potential    Kinetic En.
   -9.32429e+04   -3.50807e+02    2.49859e+02   -9.18261e+04    1.26575e+04
   Total Energy  Conserved En.    Temperature Pressure (bar)   Constr. rmsd
   -7.91686e+04   -8.12252e+04    2.98675e+02    3.41829e+01    1.83288e-06

           Step           Time
          11000      220.00000

   Energies (kJ/mol)
           Bond  Harmonic Pot.       G96Angle    Proper Dih.  Improper Dih.
    4.50917e+02    6.57001e+02    2.54303e+02    1.19228e+00    1.98301e+01
        LJ (SR)   Coulomb (SR) Position Rest.      Potential    Kinetic En.
   -9.28525e+04   -3.46498e+02    2.51029e+02   -9.15647e+04    1.25740e+04
   Total Energy  Conserved En.    Temperature Pressure (bar)   Constr. rmsd
   -7.89908e+04   -8.14586e+04    2.96704e+02    5.75709e+01    3.12770e-06

           Step           Time
          12000      240.00000

   Energies (kJ/mol)
           Bond  Harmonic Pot.       G96Angle    Proper Dih.  Improper Dih.
    4.46041e+02    7.09382e+02    2.85211e+02    2.02391e+00    2.29977e+01
        LJ (SR)   Coulomb (SR) Position Rest.      Potential    Kinetic En.
   -9.34144e+04   -3.53175e+02    2.50698e+02   -9.20512e+04    1.23805e+04
   Total Energy  Conserved En.    Temperature Pressure (bar)   Constr. rmsd
   -7.96707e+04   -8.16844e+04    2.92139e+02   -9.21521e+01    6.62632e-06

           Step           Time
          13000      260.00000

   Energies (kJ/mol)
           Bond  Harmonic Pot.       G96Angle    Proper Dih.  Improper Dih.
    4.50333e+02    6.83596e+02    2.86185e+02    1.27382e+00    1.58003e+01
        LJ (SR)   Coulomb (SR) Position Rest.      Potential    Kinetic En.
   -9.32646e+04   -3.36906e+02    2.65738e+02   -9.18986e+04    1.28878e+04
   Total Energy  Conserved En.    Temperature Pressure (bar)   Constr. rmsd
   -7.90108e+04   -8.19166e+04    3.04109e+02   -1.30649e+02    3.84972e-06

           Step           Time
          14000      280.00000

   Energies (kJ/mol)
           Bond  Harmonic Pot.       G96Angle    Proper Dih.  Improper Dih.
    4.84606e+02    6.84094e+02    2.65660e+02    4.14250e+00    2.51657e+01
        LJ (SR)   Coulomb (SR) Position Rest.      Potential    Kinetic En.
   -9.31569e+04   -3.45924e+02    2.68476e+02   -9.17707e+04    1.24072e+04
   Total Energy  Conserved En.    Temperature Pressure (bar)   Constr. rmsd
   -7.93635e+04   -8.21425e+04    2.92768e+02   -3.49256e+01    3.18740e-06

           Step           Time
          15000      300.00000

   Energies (kJ/mol)
           Bond  Harmonic Pot.       G96Angle    Proper Dih.  Improper Dih.
    4.84593e+02    7.26177e+02    2.90882e+02    2.46980e+00    1.91939e+01
        LJ (SR)   Coulomb (SR) Position Rest.      Potential    Kinetic En.
   -9.35131e+04   -3.50795e+02    2.73286e+02   -9.20673e+04    1.24591e+04
   Total Energy  Conserved En.    Temperature Pressure (bar)   Constr. rmsd
   -7.96082e+04   -8.23643e+04    2.93993e+02   -6.41747e+01    3.58229e-06

           Step           Time
          16000      320.00000

   Energies (kJ/mol)
           Bond  Harmonic Pot.       G96Angle    Proper Dih.  Improper Dih.
    4.64804e+02    7.07043e+02    2.59209e+02    3.04461e-01    1.11289e+01
        LJ (SR)   Coulomb (SR) Position Rest.      Potential    Kinetic En.
   -9.32531e+04   -3.54698e+02    2.24324e+02   -9.19410e+04    1.27469e+04
   Total Energy  Conserved En.    Temperature Pressure (bar)   Constr. rmsd
   -7.91941e+04   -8.25861e+04    3.00784e+02   -2.82615e+01    3.19016e-06

           Step           Time
          17000      340.00000

   Energies (kJ/mol)
           Bond  Harmonic Pot.       G96Angle    Proper Dih.  Improper Dih.
    5.00051e+02    7.34466e+02    2.49752e+02    1.25461e+00    1.39890e+01
        LJ (SR)   Coulomb (SR) Position Rest.      Potential    Kinetic En.
   -9.36557e+04   -3.43826e+02    2.65884e+02   -9.22341e+04    1.24883e+04
   Total Energy  Conserved En.    Temperature Pressure (bar)   Constr. rmsd
   -7.97458e+04   -8.28105e+04    2.94682e+02   -6.38366e+01    6.54469e-06

           Step           Time
          18000      360.00000

   Energies (kJ/mol)
           Bond  Harmonic Pot.       G96Angle    Proper Dih.  Improper Dih.
    4.40641e+02    7.27886e+02    2.64571e+02    2.18730e+00    1.41759e+01
        LJ (SR)   Coulomb (SR) Position Rest.      Potential    Kinetic En.
   -9.32072e+04   -3.54016e+02    2.40433e+02   -9.18713e+04    1.27757e+04
   Total Energy  Conserved En.    Temperature Pressure (bar)   Constr. rmsd
   -7.90956e+04   -8.30478e+04    3.01465e+02   -2.09663e+01    3.32224e-06

           Step           Time
          19000      380.00000

   Energies (kJ/mol)
           Bond  Harmonic Pot.       G96Angle    Proper Dih.  Improper Dih.
    4.59401e+02    7.07645e+02    2.82650e+02    1.93243e+00    3.12831e+01
        LJ (SR)   Coulomb (SR) Position Rest.      Potential    Kinetic En.
   -9.32592e+04   -3.51145e+02    2.47741e+02   -9.18797e+04    1.22572e+04
   Total Energy  Conserved En.    Temperature Pressure (bar)   Constr. rmsd
   -7.96225e+04   -8.32704e+04    2.89229e+02    8.43862e+00    2.82456e-06

           Step           Time
          20000      400.00000

   Energies (kJ/mol)
           Bond  Harmonic Pot.       G96Angle    Proper Dih.  Improper Dih.
    4.58016e+02    6.86176e+02    2.86635e+02    3.71385e-01    1.87830e+01
        LJ (SR)   Coulomb (SR) Position Rest.      Potential    Kinetic En.
   -9.26961e+04   -3.41017e+02    2.71990e+02   -9.13152e+04    1.27789e+04
   Total Energy  Conserved En.    Temperature Pressure (bar)   Constr. rmsd
   -7.85363e+04   -8.34962e+04    3.01539e+02    6.46180e+01    5.29238e-06

           Step           Time
          21000      420.00000

   Energies (kJ/mol)
           Bond  Harmonic Pot.       G96Angle    Proper Dih.  Improper Dih.
    5.03272e+02    6.86364e+02    2.66924e+02    5.51426e+00    1.22470e+01
        LJ (SR)   Coulomb (SR) Position Rest.      Potential    Kinetic En.
   -9.28677e+04   -3.23368e+02    2.42820e+02   -9.14740e+04    1.23082e+04
   Total Energy  Conserved En.    Temperature Pressure (bar)   Constr. rmsd
   -7.91657e+04   -8.37196e+04    2.90433e+02   -6.17797e+00    2.67040e-06

           Step           Time
          22000      440.00000

   Energies (kJ/mol)
           Bond  Harmonic Pot.       G96Angle    Proper Dih.  Improper Dih.
    4.75930e+02    6.78881e+02    2.76271e+02    4.62055e+00    9.91701e+00
        LJ (SR)   Coulomb (SR) Position Rest.      Potential    Kinetic En.
   -9.26447e+04   -3.36157e+02    2.84786e+02   -9.12504e+04    1.24779e+04
   Total Energy  Conserved En.    Temperature Pressure (bar)   Constr. rmsd
   -7.87725e+04   -8.39299e+04    2.94437e+02    7.66259e+01    5.10186e-06

           Step           Time
          23000      460.00000

   Energies (kJ/mol)
           Bond  Harmonic Pot.       G96Angle    Proper Dih.  Improper Dih.
    4.64811e+02    6.86305e+02    2.76964e+02    4.99313e+00    2.08633e+01
        LJ (SR)   Coulomb (SR) Position Rest.      Potential    Kinetic En.
   -9.33234e+04   -3.39741e+02    2.68081e+02   -9.19411e+04    1.28158e+04
   Total Energy  Conserved En.    Temperature Pressure (bar)   Constr. rmsd
   -7.91253e+04   -8.41693e+04    3.02410e+02   -1.97031e+00    5.23631e-06

           Step           Time
          24000      480.00000

   Energies (kJ/mol)
           Bond  Harmonic Pot.       G96Angle    Proper Dih.  Improper Dih.
    4.94377e+02    7.28463e+02    2.58383e+02    2.51122e+00    1.21443e+01
        LJ (SR)   Coulomb (SR) Position Rest.      Potential    Kinetic En.
   -9.35285e+04   -3.32419e+02    2.36707e+02   -9.21284e+04    1.28394e+04
   Total Energy  Conserved En.    Temperature Pressure (bar)   Constr. rmsd
   -7.92890e+04   -8.43880e+04    3.02968e+02   -9.26720e+01    3.07014e-06

           Step           Time
          25000      500.00000

Writing checkpoint, step 25000 at Wed Jan 16 16:47:23 2019


   Energies (kJ/mol)
           Bond  Harmonic Pot.       G96Angle    Proper Dih.  Improper Dih.
    4.73011e+02    7.08849e+02    2.97997e+02    4.08430e+00    1.28717e+01
        LJ (SR)   Coulomb (SR) Position Rest.      Potential    Kinetic En.
   -9.29356e+04   -3.51235e+02    2.60672e+02   -9.15293e+04    1.30943e+04
   Total Energy  Conserved En.    Temperature Pressure (bar)   Constr. rmsd
   -7.84350e+04   -8.46117e+04    3.08982e+02    4.43792e+01    3.19022e-06

	<======  ###############  ==>
	<====  A V E R A G E S  ====>
	<==  ###############  ======>

	Statistics over 25001 steps using 251 frames

   Energies (kJ/mol)
           Bond  Harmonic Pot.       G96Angle    Proper Dih.  Improper Dih.
    4.68717e+02    6.97768e+02    2.79321e+02    3.35227e+00    1.68334e+01
        LJ (SR)   Coulomb (SR) Position Rest.      Potential    Kinetic En.
   -9.31146e+04   -3.44293e+02    2.55805e+02   -9.17371e+04    1.26726e+04
   Total Energy  Conserved En.    Temperature Pressure (bar)   Constr. rmsd
   -7.90645e+04   -8.17927e+04    2.99032e+02    4.85968e+00    0.00000e+00

          Box-X          Box-Y          Box-Z
    6.89291e+00    6.55818e+00    8.59222e+00

   Total Virial (kJ/mol)
    4.27085e+03   -1.20752e+02   -2.35764e+02
   -1.20751e+02    4.15180e+03   -6.45289e+01
   -2.35764e+02   -6.45292e+01    4.07949e+03

   Pressure (bar)
   -4.85115e+00    1.01686e+01    1.99597e+01
    1.01686e+01    6.17250e+00    5.43507e+00
    1.99597e+01    5.43509e+00    1.32577e+01

      T-Protein            T-W
    2.98128e+02    2.99144e+02


	M E G A - F L O P S   A C C O U N T I N G

 NB=Group-cutoff nonbonded kernels    NxN=N-by-N cluster Verlet kernels
 RF=Reaction-Field  VdW=Van der Waals  QSTab=quadratic-spline table
 W3=SPC/TIP3p  W4=TIP4p (single or pairs)
 V&F=Potential and force  V=Potential only  F=Force only

 Computing:                               M-Number         M-Flops  % Flops
-----------------------------------------------------------------------------
 Pair Search distance check             475.928898        4283.360     1.1
 NxN RF Elec. + LJ [F]                  520.369152       19774.028     5.0
 NxN RF Elec. + LJ [V&F]                  5.269824         284.570     0.1
 NxN LJ [F]                           10867.846592      358638.938    91.3
 NxN LJ [V&F]                           110.270336        4741.624     1.2
 Shift-X                                  3.438435          20.631     0.0
 Bonds                                   28.251130        1666.817     0.4
 Angles                                  10.100404        1696.868     0.4
 Propers                                  0.050002          11.450     0.0
 Impropers                                0.400016          83.203     0.0
 Pos. Restr.                              4.950198         247.510     0.1
 Virial                                   4.353480          78.363     0.0
 Stop-CM                                  0.862185           8.622     0.0
 P-Coupling                               4.297185          25.783     0.0
 Calc-Ekin                               34.356870         927.635     0.2
 Lincs                                    2.700108         162.006     0.0
 Lincs-Mat                               29.401176         117.605     0.0
 Constraint-V                             5.400216          43.202     0.0
 Constraint-Vir                           0.135108           3.243     0.0
-----------------------------------------------------------------------------
 Total                                                  392815.458   100.0
-----------------------------------------------------------------------------


     R E A L   C Y C L E   A N D   T I M E   A C C O U N T I N G

On 1 MPI rank

 Computing:          Num   Num      Call    Wall time         Giga-Cycles
                     Ranks Threads  Count      (s)         total sum    %
-----------------------------------------------------------------------------
 Neighbor search        1    1       1001       2.432          6.308   7.8
 Force                  1    1      25001      26.761         69.417  85.3
 NB X/F buffer ops.     1    1      49001       0.631          1.637   2.0
 Write traj.            1    1         26       0.036          0.092   0.1
 Update                 1    1      25001       0.436          1.132   1.4
 Constraints            1    1      25001       0.368          0.954   1.2
 Rest                                           0.713          1.850   2.3
-----------------------------------------------------------------------------
 Total                                         31.377         81.390 100.0
-----------------------------------------------------------------------------

               Core t (s)   Wall t (s)        (%)
       Time:       31.377       31.377      100.0
                 (ns/day)    (hour/ns)
Performance:     1376.838        0.017
Finished mdrun on rank 0 Wed Jan 16 16:47:23 2019
